msort 8.53
  lib icu      57.1
  lib tre      0.8.0
  lib uninum   2.7
  glibc        2.26
Compiled Aug  4 2017 03:07:59 on x86_64
under Linux 4.14.13-300.fc27.x86_64 #1 SMP Thu Jan 11 04:00:01 UTC 2018
Copyright 1993-2009 William J. Poser (http://billposer.org)
This program is free software; you can redistribute
it and/or modify it under the terms of version 3 of
the GNU General Public License as published by the
Free Software Foundation.
Invoked by command line:
  msort --line --position 1 --comparison-type numeric --number-system roman --quiet
Key 1 obligatory  first field   Increasing numeric (Roman)
Started:			   2018-01-19T11:01:14-0800
Completed:			   2018-01-19T11:01:14-0800
Dynamically allocated memory:         172,032 bytes
Random number generator seed:       453868855
Comparisons:                               20
Records written:                            9
----------------------------------------------------------------------
